#
# There is insufficient memory for the Java Runtime Environment to continue.
# Native memory allocation (malloc) failed to allocate 1732336 bytes. Error detail: Chunk::new
# Possible reasons:
#   The system is out of physical RAM or swap space
#   This process is running with CompressedOops enabled, and the Java Heap may be blocking the growth of the native heap
# Possible solutions:
#   Reduce memory load on the system
#   Increase physical memory or swap space
#   Check if swap backing store is full
#   Decrease Java heap size (-Xmx/-Xms)
#   Decrease number of Java threads
#   Decrease Java thread stack sizes (-Xss)
#   Set larger code cache with -XX:ReservedCodeCacheSize=
#   JVM is running with Unscaled Compressed Oops mode in which the Java heap is
#     placed in the first 4GB address space. The Java Heap base address is the
#     maximum limit for the native heap growth. Please use -XX:HeapBaseMinAddress
#     to set the Java Heap base and to place the Java Heap above 4GB virtual address.
# This output file may be truncated or incomplete.
#
#  Out of Memory Error (arena.cpp:168), pid=17020, tid=22280
#
# JRE version: OpenJDK Runtime Environment Temurin-21.0.10+7 (21.0.10+7) (build 21.0.10+7-LTS)
# Java VM: OpenJDK 64-Bit Server VM Temurin-21.0.10+7 (21.0.10+7-LTS, mixed mode, sharing, tiered, compressed oops, compressed class ptrs, parallel gc, windows-amd64)
# No core dump will be written. Minidumps are not enabled by default on client versions of Windows
#

---------------  S U M M A R Y ------------

Command Line: --add-modules=ALL-SYSTEM --add-opens=java.base/java.util=ALL-UNNAMED --add-opens=java.base/java.lang=ALL-UNNAMED --add-opens=java.base/sun.nio.fs=ALL-UNNAMED -Declipse.application=org.eclipse.jdt.ls.core.id1 -Dosgi.bundles.defaultStartLevel=4 -Declipse.product=org.eclipse.jdt.ls.core.product -Djava.import.generatesMetadataFilesAtProjectRoot=false -DDetectVMInstallationsJob.disabled=true -Dfile.encoding=utf8 -XX:+UseParallelGC -XX:GCTimeRatio=4 -XX:AdaptiveSizePolicyWeight=90 -Dsun.zip.disableMemoryMapping=true -Xmx2G -Xms100m -Xlog:disable -javaagent:c:\Users\digit\.antigravity\extensions\redhat.java-1.54.0-win32-x64\lombok\lombok-1.18.39-4050.jar -XX:+HeapDumpOnOutOfMemoryError -XX:HeapDumpPath=c:\Users\digit\AppData\Roaming\Antigravity\User\workspaceStorage\93b6f5fe83d92538670ccc65f9a9c866\redhat.java -Daether.dependencyCollector.impl=bf c:\Users\digit\.antigravity\extensions\redhat.java-1.54.0-win32-x64\server\plugins\org.eclipse.equinox.launcher_1.7.100.v20251111-0406.jar -configuration c:\Users\digit\AppData\Roaming\Antigravity\User\globalStorage\redhat.java\1.54.0\config_win -data c:\Users\digit\AppData\Roaming\Antigravity\User\workspaceStorage\93b6f5fe83d92538670ccc65f9a9c866\redhat.java\jdt_ws --pipe=\\.\pipe\lsp-bdf3949b0352f9cf66279c1520f938bd-sock

Host: Intel(R) Core(TM) i5-6300U CPU @ 2.40GHz, 4 cores, 7G,  Windows 11 , 64 bit Build 22621 (10.0.22621.5415)
Time: Fri May 15 13:04:05 2026 elapsed time: 10.552104 seconds (0d 0h 0m 10s)

---------------  T H R E A D  ---------------

Current thread (0x000001fdadd49340):  JavaThread "C2 CompilerThread0" daemon [_thread_in_native, id=22280, stack(0x000000d013600000,0x000000d013700000) (1024K)]


Current CompileTask:
C2:10552 4111       4       org.lombokweb.asm.ClassReader::readMethod (1070 bytes)

Stack: [0x000000d013600000,0x000000d013700000]
Native frames: (J=compiled Java code, j=interpreted, Vv=VM code, C=native code)
V  [jvm.dll+0x6d7a39]
V  [jvm.dll+0x8b4b26]
V  [jvm.dll+0x8b70de]
V  [jvm.dll+0x8b77c3]
V  [jvm.dll+0x284346]
V  [jvm.dll+0xc66ed]
V  [jvm.dll+0xc6c31]
V  [jvm.dll+0x3bec01]
V  [jvm.dll+0x1e3f69]
V  [jvm.dll+0x24c6b3]
V  [jvm.dll+0x24bb40]
V  [jvm.dll+0x1cb34e]
V  [jvm.dll+0x25b85d]
V  [jvm.dll+0x259dea]
V  [jvm.dll+0x3f857e]
V  [jvm.dll+0x85f59d]
V  [jvm.dll+0x6d626d]
C  [ucrtbase.dll+0x29333]
C  [KERNEL32.DLL+0x1259d]
C  [ntdll.dll+0x5af78]


---------------  P R O C E S S  ---------------

Threads class SMR info:
_java_thread_list=0x000001fdf57201b0, length=24, elements={
0x000001fd951bf720, 0x000001fd96c4ac80, 0x000001fd96c4cb30, 0x000001fdadd430e0,
0x000001fd96c4dce0, 0x000001fdadd41f70, 0x000001fdadd483d0, 0x000001fdadd49340,
0x000001fdaddb8390, 0x000001fdefc67480, 0x000001fdefc73ba0, 0x000001fdf4518050,
0x000001fdf4b14b20, 0x000001fdf4706110, 0x000001fdf4706780, 0x000001fdf4d772c0,
0x000001fdf4e9d160, 0x000001fdefb32430, 0x000001fdf41983b0, 0x000001fdf4198a40,
0x000001fdf4195c50, 0x000001fdf479a900, 0x000001fdf41962e0, 0x000001fdf4196970
}

Java Threads: ( => current thread )
  0x000001fd951bf720 JavaThread "main"                              [_thread_blocked, id=15976, stack(0x000000d012c00000,0x000000d012d00000) (1024K)]
  0x000001fd96c4ac80 JavaThread "Reference Handler"          daemon [_thread_blocked, id=20488, stack(0x000000d013000000,0x000000d013100000) (1024K)]
  0x000001fd96c4cb30 JavaThread "Finalizer"                  daemon [_thread_blocked, id=1012, stack(0x000000d013100000,0x000000d013200000) (1024K)]
  0x000001fdadd430e0 JavaThread "Signal Dispatcher"          daemon [_thread_blocked, id=20172, stack(0x000000d013200000,0x000000d013300000) (1024K)]
  0x000001fd96c4dce0 JavaThread "Attach Listener"            daemon [_thread_blocked, id=6568, stack(0x000000d013300000,0x000000d013400000) (1024K)]
  0x000001fdadd41f70 JavaThread "Service Thread"             daemon [_thread_blocked, id=19508, stack(0x000000d013400000,0x000000d013500000) (1024K)]
  0x000001fdadd483d0 JavaThread "Monitor Deflation Thread"   daemon [_thread_blocked, id=9892, stack(0x000000d013500000,0x000000d013600000) (1024K)]
=>0x000001fdadd49340 JavaThread "C2 CompilerThread0"         daemon [_thread_in_native, id=22280, stack(0x000000d013600000,0x000000d013700000) (1024K)]
  0x000001fdaddb8390 JavaThread "C1 CompilerThread0"         daemon [_thread_blocked, id=13224, stack(0x000000d013700000,0x000000d013800000) (1024K)]
  0x000001fdefc67480 JavaThread "Common-Cleaner"             daemon [_thread_blocked, id=22496, stack(0x000000d013800000,0x000000d013900000) (1024K)]
  0x000001fdefc73ba0 JavaThread "Notification Thread"        daemon [_thread_blocked, id=16520, stack(0x000000d013900000,0x000000d013a00000) (1024K)]
  0x000001fdf4518050 JavaThread "Active Thread: Equinox Container: af0603c1-69e4-42f6-bc75-1374f3478326"        [_thread_blocked, id=6300, stack(0x000000d013e00000,0x000000d013f00000) (1024K)]
  0x000001fdf4b14b20 JavaThread "Refresh Thread: Equinox Container: af0603c1-69e4-42f6-bc75-1374f3478326" daemon [_thread_blocked, id=18584, stack(0x000000d013f00000,0x000000d014000000) (1024K)]
  0x000001fdf4706110 JavaThread "Framework Event Dispatcher: Equinox Container: af0603c1-69e4-42f6-bc75-1374f3478326" daemon [_thread_blocked, id=17120, stack(0x000000d014000000,0x000000d014100000) (1024K)]
  0x000001fdf4706780 JavaThread "Start Level: Equinox Container: af0603c1-69e4-42f6-bc75-1374f3478326" daemon [_thread_blocked, id=21264, stack(0x000000d014100000,0x000000d014200000) (1024K)]
  0x000001fdf4d772c0 JavaThread "Bundle File Closer"         daemon [_thread_blocked, id=18964, stack(0x000000d014200000,0x000000d014300000) (1024K)]
  0x000001fdf4e9d160 JavaThread "SCR Component Actor"        daemon [_thread_blocked, id=19596, stack(0x000000d013a00000,0x000000d013b00000) (1024K)]
  0x000001fdefb32430 JavaThread "Worker-JM"                         [_thread_blocked, id=17716, stack(0x000000d014300000,0x000000d014400000) (1024K)]
  0x000001fdf41983b0 JavaThread "JNA Cleaner"                daemon [_thread_blocked, id=22288, stack(0x000000d014400000,0x000000d014500000) (1024K)]
  0x000001fdf4198a40 JavaThread "Worker-0: Repository registry initialization"        [_thread_in_vm, id=20680, stack(0x000000d014500000,0x000000d014600000) (1024K)]
  0x000001fdf4195c50 JavaThread "Worker-1"                          [_thread_blocked, id=20292, stack(0x000000d014600000,0x000000d014700000) (1024K)]
  0x000001fdf479a900 JavaThread "C2 CompilerThread1"         daemon [_thread_in_native, id=11192, stack(0x000000d014700000,0x000000d014800000) (1024K)]
  0x000001fdf41962e0 JavaThread "Java indexing"              daemon [_thread_new, id=18832, stack(0x0000000000000000,0x0000000000000000) (0B)]
  0x000001fdf4196970 JavaThread "Worker-2"                          [_thread_blocked, id=18236, stack(0x000000d014900000,0x000000d014a00000) (1024K)]
Total: 24

Other Threads:
  0x000001fdadd3fa50 VMThread "VM Thread"                           [id=20424, stack(0x000000d012f00000,0x000000d013000000) (1024K)] _threads_hazard_ptr=0x000001fdf57201b0
  0x000001fdadcbca00 WatcherThread "VM Periodic Task Thread"        [id=16756, stack(0x000000d012e00000,0x000000d012f00000) (1024K)]
  0x000001fd96bd1810 WorkerThread "GC Thread#0"                     [id=3360, stack(0x000000d012d00000,0x000000d012e00000) (1024K)]
  0x000001fdf46635d0 WorkerThread "GC Thread#1"                     [id=4920, stack(0x000000d013b00000,0x000000d013c00000) (1024K)]
  0x000001fdf4663980 WorkerThread "GC Thread#2"                     [id=15764, stack(0x000000d013c00000,0x000000d013d00000) (1024K)]
  0x000001fdf4548420 WorkerThread "GC Thread#3"                     [id=8144, stack(0x000000d013d00000,0x000000d013e00000) (1024K)]
Total: 6

Threads with active compile tasks:
C2 CompilerThread0  10645 4111       4       org.lombokweb.asm.ClassReader::readMethod (1070 bytes)
C2 CompilerThread1  10645 4308   !   4       org.eclipse.osgi.internal.loader.classpath.ClasspathManager::findClassImpl (328 bytes)
Total: 2

VM state: not at safepoint (normal execution)

VM Mutex/Monitor currently owned by a thread: None

Heap address: 0x0000000080000000, size: 2048 MB, Compressed Oops mode: 32-bit

CDS archive(s) mapped at: [0x000001fdae000000-0x000001fdaeba0000-0x000001fdaeba0000), size 12189696, SharedBaseAddress: 0x000001fdae000000, ArchiveRelocationMode: 1.
Compressed class space mapped at: 0x000001fdaf000000-0x000001fdef000000, reserved size: 1073741824
Narrow klass base: 0x000001fdae000000, Narrow klass shift: 0, Narrow klass range: 0x100000000

GC Precious Log:
 CardTable entry size: 512
 CPUs: 4 total, 4 available
 Memory: 8047M
 Large Page Support: Disabled
 NUMA Support: Disabled
 Compressed Oops: Enabled (32-bit)
 Alignments: Space 512K, Generation 512K, Heap 2M
 Heap Min Capacity: 100M
 Heap Initial Capacity: 100M
 Heap Max Capacity: 2G
 Pre-touch: Disabled
 Parallel Workers: 4

Heap:
 PSYoungGen      total 25088K, used 13032K [0x00000000d5580000, 0x00000000d7400000, 0x0000000100000000)
  eden space 23040K, 47% used [0x00000000d5580000,0x00000000d6040030,0x00000000d6c00000)
  from space 2048K, 98% used [0x00000000d7180000,0x00000000d737a2b0,0x00000000d7380000)
  to   space 4096K, 0% used [0x00000000d6c00000,0x00000000d6c00000,0x00000000d7000000)
 ParOldGen       total 68608K, used 14674K [0x0000000080000000, 0x0000000084300000, 0x00000000d5580000)
  object space 68608K, 21% used [0x0000000080000000,0x0000000080e548c0,0x0000000084300000)
 Metaspace       used 29133K, committed 30080K, reserved 1114112K
  class space    used 2913K, committed 3328K, reserved 1048576K

Card table byte_map: [0x000001fda90f0000,0x000001fda9500000] _byte_map_base: 0x000001fda8cf0000

Marking Bits: (ParMarkBitMap*) 0x00007fff48e13450
 Begin Bits: [0x000001fda97b0000, 0x000001fdab7b0000)
 End Bits:   [0x000001fdab7b0000, 0x000001fdad7b0000)

Polling page: 0x000001fd96b30000

Metaspace:

Usage:
  Non-class:     25.61 MB used.
      Class:      2.84 MB used.
       Both:     28.45 MB used.

Virtual space:
  Non-class space:       64.00 MB reserved,      26.12 MB ( 41%) committed,  1 nodes.
      Class space:        1.00 GB reserved,       3.25 MB ( <1%) committed,  1 nodes.
             Both:        1.06 GB reserved,      29.38 MB (  3%) committed. 

Chunk freelists:
   Non-Class:  5.50 MB
       Class:  12.70 MB
        Both:  18.20 MB

MaxMetaspaceSize: unlimited
CompressedClassSpaceSize: 1.00 GB
Initial GC threshold: 21.00 MB
Current GC threshold: 35.00 MB
CDS: on
 - commit_granule_bytes: 65536.
 - commit_granule_words: 8192.
 - virtual_space_node_default_size: 8388608.
 - enlarge_chunks_in_place: 1.
 - use_allocation_guard: 0.


Internal statistics:

num_allocs_failed_limit: 3.
num_arena_births: 840.
num_arena_deaths: 14.
num_vsnodes_births: 2.
num_vsnodes_deaths: 0.
num_space_committed: 470.
num_space_uncommitted: 0.
num_chunks_returned_to_freelist: 17.
num_chunks_taken_from_freelist: 2052.
num_chunk_merges: 5.
num_chunk_splits: 1305.
num_chunks_enlarged: 787.
num_inconsistent_stats: 0.

CodeHeap 'non-profiled nmethods': size=120000Kb used=1956Kb max_used=1956Kb free=118043Kb
 bounds [0x000001fda19e0000, 0x000001fda1c50000, 0x000001fda8f10000]
CodeHeap 'profiled nmethods': size=120000Kb used=9114Kb max_used=9114Kb free=110885Kb
 bounds [0x000001fd99f10000, 0x000001fd9a800000, 0x000001fda1440000]
CodeHeap 'non-nmethods': size=5760Kb used=1335Kb max_used=1366Kb free=4425Kb
 bounds [0x000001fda1440000, 0x000001fda16b0000, 0x000001fda19e0000]
CodeCache: size=245760Kb, used=12405Kb, max_used=12436Kb, free=233353Kb
 total_blobs=4933, nmethods=4306, adapters=533, full_count=0
Compilation: enabled, stopped_count=0, restarted_count=0

Compilation events (20 events):
Event: 10.423 Thread 0x000001fdaddb8390 4304       3       java.util.Calendar::internalSet (8 bytes)
Event: 10.423 Thread 0x000001fdaddb8390 nmethod 4304 0x000001fd9a7f5510 code [0x000001fd9a7f56c0, 0x000001fd9a7f57f8]
Event: 10.429 Thread 0x000001fdaddb8390 4305       2       java.util.HashSet::contains (9 bytes)
Event: 10.429 Thread 0x000001fdaddb8390 nmethod 4305 0x000001fd9a7f5910 code [0x000001fd9a7f5ac0, 0x000001fd9a7f5bf8]
Event: 10.430 Thread 0x000001fdf479a900 nmethod 4195 0x000001fda1bc4010 code [0x000001fda1bc4260, 0x000001fda1bc4b40]
Event: 10.431 Thread 0x000001fdf479a900 4244       4       java.lang.StringConcatHelper::stringOf (20 bytes)
Event: 10.432 Thread 0x000001fdf479a900 nmethod 4244 0x000001fda1bc5290 code [0x000001fda1bc5420, 0x000001fda1bc54c8]
Event: 10.432 Thread 0x000001fdf479a900 4286       4       org.codehaus.plexus.util.xml.pull.MXParser::more (106 bytes)
Event: 10.435 Thread 0x000001fdf479a900 nmethod 4286 0x000001fda1bc5590 code [0x000001fda1bc5720, 0x000001fda1bc5888]
Event: 10.435 Thread 0x000001fdf479a900 4188       4       org.lombokweb.asm.ClassReader::readShort (27 bytes)
Event: 10.435 Thread 0x000001fdaddb8390 4306       2       java.util.Collections$UnmodifiableCollection::contains (11 bytes)
Event: 10.435 Thread 0x000001fdaddb8390 nmethod 4306 0x000001fd9a7f5c90 code [0x000001fd9a7f5e40, 0x000001fd9a7f5f78]
Event: 10.436 Thread 0x000001fdf479a900 nmethod 4188 0x000001fda1bc5990 code [0x000001fda1bc5b20, 0x000001fda1bc5c30]
Event: 10.436 Thread 0x000001fdf479a900 4284       4       java.lang.Character::isHighSurrogate (18 bytes)
Event: 10.437 Thread 0x000001fdf479a900 nmethod 4284 0x000001fda1bc5d10 code [0x000001fda1bc5ea0, 0x000001fda1bc5f30]
Event: 10.437 Thread 0x000001fdf479a900 4307       4       org.eclipse.osgi.internal.debug.Debug::loaderWithClass (40 bytes)
Event: 10.468 Thread 0x000001fdf479a900 nmethod 4307 0x000001fda1bc6010 code [0x000001fda1bc6280, 0x000001fda1bc70e8]
Event: 10.468 Thread 0x000001fdf479a900 4309       4       org.eclipse.osgi.internal.loader.classpath.ClasspathEntry::findEntry (56 bytes)
Event: 10.514 Thread 0x000001fdf479a900 nmethod 4309 0x000001fda1bc7990 code [0x000001fda1bc7c40, 0x000001fda1bc87c0]
Event: 10.514 Thread 0x000001fdf479a900 4308   !   4       org.eclipse.osgi.internal.loader.classpath.ClasspathManager::findClassImpl (328 bytes)

GC Heap History (20 events):
Event: 2.819 GC heap before
{Heap before GC invocations=2 (full 0):
 PSYoungGen      total 29696K, used 28880K [0x00000000d5580000, 0x00000000d7680000, 0x0000000100000000)
  eden space 25600K, 100% used [0x00000000d5580000,0x00000000d6e80000,0x00000000d6e80000)
  from space 4096K, 80% used [0x00000000d6e80000,0x00000000d71b4148,0x00000000d7280000)
  to   space 4096K, 0% used [0x00000000d7280000,0x00000000d7280000,0x00000000d7680000)
 ParOldGen       total 68608K, used 16K [0x0000000080000000, 0x0000000084300000, 0x00000000d5580000)
  object space 68608K, 0% used [0x0000000080000000,0x0000000080004000,0x0000000084300000)
 Metaspace       used 7995K, committed 8320K, reserved 1114112K
  class space    used 829K, committed 960K, reserved 1048576K
}
Event: 2.827 GC heap after
{Heap after GC invocations=2 (full 0):
 PSYoungGen      total 29696K, used 4093K [0x00000000d5580000, 0x00000000d7680000, 0x0000000100000000)
  eden space 25600K, 0% used [0x00000000d5580000,0x00000000d5580000,0x00000000d6e80000)
  from space 4096K, 99% used [0x00000000d7280000,0x00000000d767f570,0x00000000d7680000)
  to   space 4096K, 0% used [0x00000000d6e80000,0x00000000d6e80000,0x00000000d7280000)
 ParOldGen       total 68608K, used 2010K [0x0000000080000000, 0x0000000084300000, 0x00000000d5580000)
  object space 68608K, 2% used [0x0000000080000000,0x00000000801f68f8,0x0000000084300000)
 Metaspace       used 7995K, committed 8320K, reserved 1114112K
  class space    used 829K, committed 960K, reserved 1048576K
}
Event: 3.356 GC heap before
{Heap before GC invocations=3 (full 0):
 PSYoungGen      total 29696K, used 29693K [0x00000000d5580000, 0x00000000d7680000, 0x0000000100000000)
  eden space 25600K, 100% used [0x00000000d5580000,0x00000000d6e80000,0x00000000d6e80000)
  from space 4096K, 99% used [0x00000000d7280000,0x00000000d767f570,0x00000000d7680000)
  to   space 4096K, 0% used [0x00000000d6e80000,0x00000000d6e80000,0x00000000d7280000)
 ParOldGen       total 68608K, used 2010K [0x0000000080000000, 0x0000000084300000, 0x00000000d5580000)
  object space 68608K, 2% used [0x0000000080000000,0x00000000801f68f8,0x0000000084300000)
 Metaspace       used 9466K, committed 9792K, reserved 1114112K
  class space    used 1007K, committed 1152K, reserved 1048576K
}
Event: 3.366 GC heap after
{Heap after GC invocations=3 (full 0):
 PSYoungGen      total 29696K, used 4089K [0x00000000d5580000, 0x00000000d7680000, 0x0000000100000000)
  eden space 25600K, 0% used [0x00000000d5580000,0x00000000d5580000,0x00000000d6e80000)
  from space 4096K, 99% used [0x00000000d6e80000,0x00000000d727e5d8,0x00000000d7280000)
  to   space 4096K, 0% used [0x00000000d7280000,0x00000000d7280000,0x00000000d7680000)
 ParOldGen       total 68608K, used 4796K [0x0000000080000000, 0x0000000084300000, 0x00000000d5580000)
  object space 68608K, 6% used [0x0000000080000000,0x00000000804af090,0x0000000084300000)
 Metaspace       used 9466K, committed 9792K, reserved 1114112K
  class space    used 1007K, committed 1152K, reserved 1048576K
}
Event: 5.989 GC heap before
{Heap before GC invocations=4 (full 0):
 PSYoungGen      total 29696K, used 29689K [0x00000000d5580000, 0x00000000d7680000, 0x0000000100000000)
  eden space 25600K, 100% used [0x00000000d5580000,0x00000000d6e80000,0x00000000d6e80000)
  from space 4096K, 99% used [0x00000000d6e80000,0x00000000d727e5d8,0x00000000d7280000)
  to   space 4096K, 0% used [0x00000000d7280000,0x00000000d7280000,0x00000000d7680000)
 ParOldGen       total 68608K, used 4796K [0x0000000080000000, 0x0000000084300000, 0x00000000d5580000)
  object space 68608K, 6% used [0x0000000080000000,0x00000000804af090,0x0000000084300000)
 Metaspace       used 11636K, committed 12032K, reserved 1114112K
  class space    used 1225K, committed 1408K, reserved 1048576K
}
Event: 5.995 GC heap after
{Heap after GC invocations=4 (full 0):
 PSYoungGen      total 29696K, used 4080K [0x00000000d5580000, 0x00000000d7680000, 0x0000000100000000)
  eden space 25600K, 0% used [0x00000000d5580000,0x00000000d5580000,0x00000000d6e80000)
  from space 4096K, 99% used [0x00000000d7280000,0x00000000d767c390,0x00000000d7680000)
  to   space 4096K, 0% used [0x00000000d6e80000,0x00000000d6e80000,0x00000000d7280000)
 ParOldGen       total 68608K, used 6798K [0x0000000080000000, 0x0000000084300000, 0x00000000d5580000)
  object space 68608K, 9% used [0x0000000080000000,0x00000000806a3a48,0x0000000084300000)
 Metaspace       used 11636K, committed 12032K, reserved 1114112K
  class space    used 1225K, committed 1408K, reserved 1048576K
}
Event: 7.372 GC heap before
{Heap before GC invocations=5 (full 0):
 PSYoungGen      total 29696K, used 29680K [0x00000000d5580000, 0x00000000d7680000, 0x0000000100000000)
  eden space 25600K, 100% used [0x00000000d5580000,0x00000000d6e80000,0x00000000d6e80000)
  from space 4096K, 99% used [0x00000000d7280000,0x00000000d767c390,0x00000000d7680000)
  to   space 4096K, 0% used [0x00000000d6e80000,0x00000000d6e80000,0x00000000d7280000)
 ParOldGen       total 68608K, used 6798K [0x0000000080000000, 0x0000000084300000, 0x00000000d5580000)
  object space 68608K, 9% used [0x0000000080000000,0x00000000806a3a48,0x0000000084300000)
 Metaspace       used 15590K, committed 16192K, reserved 1114112K
  class space    used 1620K, committed 1856K, reserved 1048576K
}
Event: 7.381 GC heap after
{Heap after GC invocations=5 (full 0):
 PSYoungGen      total 29184K, used 4092K [0x00000000d5580000, 0x00000000d7900000, 0x0000000100000000)
  eden space 25088K, 0% used [0x00000000d5580000,0x00000000d5580000,0x00000000d6e00000)
  from space 4096K, 99% used [0x00000000d6e80000,0x00000000d727f0c8,0x00000000d7280000)
  to   space 5632K, 0% used [0x00000000d7380000,0x00000000d7380000,0x00000000d7900000)
 ParOldGen       total 68608K, used 7856K [0x0000000080000000, 0x0000000084300000, 0x00000000d5580000)
  object space 68608K, 11% used [0x0000000080000000,0x00000000807ac0b0,0x0000000084300000)
 Metaspace       used 15590K, committed 16192K, reserved 1114112K
  class space    used 1620K, committed 1856K, reserved 1048576K
}
Event: 8.435 GC heap before
{Heap before GC invocations=6 (full 0):
 PSYoungGen      total 29184K, used 29180K [0x00000000d5580000, 0x00000000d7900000, 0x0000000100000000)
  eden space 25088K, 100% used [0x00000000d5580000,0x00000000d6e00000,0x00000000d6e00000)
  from space 4096K, 99% used [0x00000000d6e80000,0x00000000d727f0c8,0x00000000d7280000)
  to   space 5632K, 0% used [0x00000000d7380000,0x00000000d7380000,0x00000000d7900000)
 ParOldGen       total 68608K, used 7856K [0x0000000080000000, 0x0000000084300000, 0x00000000d5580000)
  object space 68608K, 11% used [0x0000000080000000,0x00000000807ac0b0,0x0000000084300000)
 Metaspace       used 18743K, committed 19520K, reserved 1114112K
  class space    used 1967K, committed 2304K, reserved 1048576K
}
Event: 8.442 GC heap after
{Heap after GC invocations=6 (full 0):
 PSYoungGen      total 29696K, used 4822K [0x00000000d5580000, 0x00000000d7880000, 0x0000000100000000)
  eden space 24576K, 0% used [0x00000000d5580000,0x00000000d5580000,0x00000000d6d80000)
  from space 5120K, 94% used [0x00000000d7380000,0x00000000d7835aa8,0x00000000d7880000)
  to   space 5120K, 0% used [0x00000000d6e80000,0x00000000d6e80000,0x00000000d7380000)
 ParOldGen       total 68608K, used 7864K [0x0000000080000000, 0x0000000084300000, 0x00000000d5580000)
  object space 68608K, 11% used [0x0000000080000000,0x00000000807ae0b0,0x0000000084300000)
 Metaspace       used 18743K, committed 19520K, reserved 1114112K
  class space    used 1967K, committed 2304K, reserved 1048576K
}
Event: 8.875 GC heap before
{Heap before GC invocations=7 (full 0):
 PSYoungGen      total 29696K, used 23425K [0x00000000d5580000, 0x00000000d7880000, 0x0000000100000000)
  eden space 24576K, 75% used [0x00000000d5580000,0x00000000d67aa9e0,0x00000000d6d80000)
  from space 5120K, 94% used [0x00000000d7380000,0x00000000d7835aa8,0x00000000d7880000)
  to   space 5120K, 0% used [0x00000000d6e80000,0x00000000d6e80000,0x00000000d7380000)
 ParOldGen       total 68608K, used 7864K [0x0000000080000000, 0x0000000084300000, 0x00000000d5580000)
  object space 68608K, 11% used [0x0000000080000000,0x00000000807ae0b0,0x0000000084300000)
 Metaspace       used 20597K, committed 21504K, reserved 1114112K
  class space    used 2196K, committed 2624K, reserved 1048576K
}
Event: 8.891 GC heap after
{Heap after GC invocations=7 (full 0):
 PSYoungGen      total 29184K, used 4325K [0x00000000d5580000, 0x00000000d7680000, 0x0000000100000000)
  eden space 24576K, 0% used [0x00000000d5580000,0x00000000d5580000,0x00000000d6d80000)
  from space 4608K, 93% used [0x00000000d6e80000,0x00000000d72b96f0,0x00000000d7300000)
  to   space 3584K, 0% used [0x00000000d7300000,0x00000000d7300000,0x00000000d7680000)
 ParOldGen       total 68608K, used 9392K [0x0000000080000000, 0x0000000084300000, 0x00000000d5580000)
  object space 68608K, 13% used [0x0000000080000000,0x000000008092c098,0x0000000084300000)
 Metaspace       used 20597K, committed 21504K, reserved 1114112K
  class space    used 2196K, committed 2624K, reserved 1048576K
}
Event: 8.891 GC heap before
{Heap before GC invocations=8 (full 1):
 PSYoungGen      total 29184K, used 4325K [0x00000000d5580000, 0x00000000d7680000, 0x0000000100000000)
  eden space 24576K, 0% used [0x00000000d5580000,0x00000000d5580000,0x00000000d6d80000)
  from space 4608K, 93% used [0x00000000d6e80000,0x00000000d72b96f0,0x00000000d7300000)
  to   space 3584K, 0% used [0x00000000d7300000,0x00000000d7300000,0x00000000d7680000)
 ParOldGen       total 68608K, used 9392K [0x0000000080000000, 0x0000000084300000, 0x00000000d5580000)
  object space 68608K, 13% used [0x0000000080000000,0x000000008092c098,0x0000000084300000)
 Metaspace       used 20597K, committed 21504K, reserved 1114112K
  class space    used 2196K, committed 2624K, reserved 1048576K
}
Event: 8.956 GC heap after
{Heap after GC invocations=8 (full 1):
 PSYoungGen      total 29184K, used 0K [0x00000000d5580000, 0x00000000d7680000, 0x0000000100000000)
  eden space 24576K, 0% used [0x00000000d5580000,0x00000000d5580000,0x00000000d6d80000)
  from space 4608K, 0% used [0x00000000d6e80000,0x00000000d6e80000,0x00000000d7300000)
  to   space 3584K, 0% used [0x00000000d7300000,0x00000000d7300000,0x00000000d7680000)
 ParOldGen       total 68608K, used 13178K [0x0000000080000000, 0x0000000084300000, 0x00000000d5580000)
  object space 68608K, 19% used [0x0000000080000000,0x0000000080cde898,0x0000000084300000)
 Metaspace       used 20584K, committed 21504K, reserved 1114112K
  class space    used 2192K, committed 2624K, reserved 1048576K
}
Event: 9.438 GC heap before
{Heap before GC invocations=9 (full 1):
 PSYoungGen      total 29184K, used 24576K [0x00000000d5580000, 0x00000000d7680000, 0x0000000100000000)
  eden space 24576K, 100% used [0x00000000d5580000,0x00000000d6d80000,0x00000000d6d80000)
  from space 4608K, 0% used [0x00000000d6e80000,0x00000000d6e80000,0x00000000d7300000)
  to   space 3584K, 0% used [0x00000000d7300000,0x00000000d7300000,0x00000000d7680000)
 ParOldGen       total 68608K, used 13178K [0x0000000080000000, 0x0000000084300000, 0x00000000d5580000)
  object space 68608K, 19% used [0x0000000080000000,0x0000000080cde898,0x0000000084300000)
 Metaspace       used 22562K, committed 23488K, reserved 1114112K
  class space    used 2368K, committed 2752K, reserved 1048576K
}
Event: 9.440 GC heap after
{Heap after GC invocations=9 (full 1):
 PSYoungGen      total 26624K, used 2453K [0x00000000d5580000, 0x00000000d7580000, 0x0000000100000000)
  eden space 24064K, 0% used [0x00000000d5580000,0x00000000d5580000,0x00000000d6d00000)
  from space 2560K, 95% used [0x00000000d7300000,0x00000000d7565440,0x00000000d7580000)
  to   space 3584K, 0% used [0x00000000d6e80000,0x00000000d6e80000,0x00000000d7200000)
 ParOldGen       total 68608K, used 13186K [0x0000000080000000, 0x0000000084300000, 0x00000000d5580000)
  object space 68608K, 19% used [0x0000000080000000,0x0000000080ce0898,0x0000000084300000)
 Metaspace       used 22562K, committed 23488K, reserved 1114112K
  class space    used 2368K, committed 2752K, reserved 1048576K
}
Event: 9.855 GC heap before
{Heap before GC invocations=10 (full 1):
 PSYoungGen      total 26624K, used 26517K [0x00000000d5580000, 0x00000000d7580000, 0x0000000100000000)
  eden space 24064K, 100% used [0x00000000d5580000,0x00000000d6d00000,0x00000000d6d00000)
  from space 2560K, 95% used [0x00000000d7300000,0x00000000d7565440,0x00000000d7580000)
  to   space 3584K, 0% used [0x00000000d6e80000,0x00000000d6e80000,0x00000000d7200000)
 ParOldGen       total 68608K, used 13186K [0x0000000080000000, 0x0000000084300000, 0x00000000d5580000)
  object space 68608K, 19% used [0x0000000080000000,0x0000000080ce0898,0x0000000084300000)
 Metaspace       used 26339K, committed 27264K, reserved 1114112K
  class space    used 2644K, committed 3008K, reserved 1048576K
}
Event: 9.857 GC heap after
{Heap after GC invocations=10 (full 1):
 PSYoungGen      total 25088K, used 1336K [0x00000000d5580000, 0x00000000d7380000, 0x0000000100000000)
  eden space 23552K, 0% used [0x00000000d5580000,0x00000000d5580000,0x00000000d6c80000)
  from space 1536K, 87% used [0x00000000d6e80000,0x00000000d6fce360,0x00000000d7000000)
  to   space 2048K, 0% used [0x00000000d7180000,0x00000000d7180000,0x00000000d7380000)
 ParOldGen       total 68608K, used 13194K [0x0000000080000000, 0x0000000084300000, 0x00000000d5580000)
  object space 68608K, 19% used [0x0000000080000000,0x0000000080ce2898,0x0000000084300000)
 Metaspace       used 26339K, committed 27264K, reserved 1114112K
  class space    used 2644K, committed 3008K, reserved 1048576K
}
Event: 10.267 GC heap before
{Heap before GC invocations=11 (full 1):
 PSYoungGen      total 25088K, used 24888K [0x00000000d5580000, 0x00000000d7380000, 0x0000000100000000)
  eden space 23552K, 100% used [0x00000000d5580000,0x00000000d6c80000,0x00000000d6c80000)
  from space 1536K, 87% used [0x00000000d6e80000,0x00000000d6fce360,0x00000000d7000000)
  to   space 2048K, 0% used [0x00000000d7180000,0x00000000d7180000,0x00000000d7380000)
 ParOldGen       total 68608K, used 13194K [0x0000000080000000, 0x0000000084300000, 0x00000000d5580000)
  object space 68608K, 19% used [0x0000000080000000,0x0000000080ce2898,0x0000000084300000)
 Metaspace       used 27829K, committed 28864K, reserved 1114112K
  class space    used 2742K, committed 3200K, reserved 1048576K
}
Event: 10.272 GC heap after
{Heap after GC invocations=11 (full 1):
 PSYoungGen      total 25088K, used 2024K [0x00000000d5580000, 0x00000000d7400000, 0x0000000100000000)
  eden space 23040K, 0% used [0x00000000d5580000,0x00000000d5580000,0x00000000d6c00000)
  from space 2048K, 98% used [0x00000000d7180000,0x00000000d737a2b0,0x00000000d7380000)
  to   space 4096K, 0% used [0x00000000d6c00000,0x00000000d6c00000,0x00000000d7000000)
 ParOldGen       total 68608K, used 14674K [0x0000000080000000, 0x0000000084300000, 0x00000000d5580000)
  object space 68608K, 21% used [0x0000000080000000,0x0000000080e548c0,0x0000000084300000)
 Metaspace       used 27829K, committed 28864K, reserved 1114112K
  class space    used 2742K, committed 3200K, reserved 1048576K
}

Dll operation events (10 events):
Event: 0.081 Loaded shared library c:\Users\digit\.antigravity\extensions\redhat.java-1.54.0-win32-x64\jre\21.0.10-win32-x86_64\bin\java.dll
Event: 0.306 Loaded shared library c:\Users\digit\.antigravity\extensions\redhat.java-1.54.0-win32-x64\jre\21.0.10-win32-x86_64\bin\zip.dll
Event: 0.381 Loaded shared library C:\Users\digit\.antigravity\extensions\redhat.java-1.54.0-win32-x64\jre\21.0.10-win32-x86_64\bin\instrument.dll
Event: 0.387 Loaded shared library C:\Users\digit\.antigravity\extensions\redhat.java-1.54.0-win32-x64\jre\21.0.10-win32-x86_64\bin\net.dll
Event: 0.392 Loaded shared library C:\Users\digit\.antigravity\extensions\redhat.java-1.54.0-win32-x64\jre\21.0.10-win32-x86_64\bin\nio.dll
Event: 0.396 Loaded shared library C:\Users\digit\.antigravity\extensions\redhat.java-1.54.0-win32-x64\jre\21.0.10-win32-x86_64\bin\zip.dll
Event: 0.441 Loaded shared library C:\Users\digit\.antigravity\extensions\redhat.java-1.54.0-win32-x64\jre\21.0.10-win32-x86_64\bin\jimage.dll
Event: 0.635 Loaded shared library c:\Users\digit\.antigravity\extensions\redhat.java-1.54.0-win32-x64\jre\21.0.10-win32-x86_64\bin\verify.dll
Event: 2.855 Loaded shared library C:\Users\digit\AppData\Roaming\Antigravity\User\globalStorage\redhat.java\1.54.0\config_win\org.eclipse.equinox.launcher\org.eclipse.equinox.launcher.win32.win32.x86_64_1.3.0.v20260203-2149\eclipse_11919.dll
Event: 7.851 Loaded shared library C:\Users\digit\AppData\Local\Temp\jna-95582509\jna15655194374604598625.dll

Deoptimization events (20 events):
Event: 10.323 Thread 0x000001fdf4198a40 DEOPT PACKING pc=0x000001fda1baa74c sp=0x000000d0145fe590
Event: 10.323 Thread 0x000001fdf4198a40 DEOPT UNPACKING pc=0x000001fda1493aa2 sp=0x000000d0145fe518 mode 2
Event: 10.323 Thread 0x000001fdf4198a40 Uncommon trap: trap_request=0xffffffde fr.pc=0x000001fda1baa74c relative=0x000000000000010c
Event: 10.323 Thread 0x000001fdf4198a40 Uncommon trap: reason=class_check action=maybe_recompile pc=0x000001fda1baa74c method=java.lang.Character.codePointAt(Ljava/lang/CharSequence;I)I @ 2 c2
Event: 10.323 Thread 0x000001fdf4198a40 DEOPT PACKING pc=0x000001fda1baa74c sp=0x000000d0145fe590
Event: 10.323 Thread 0x000001fdf4198a40 DEOPT UNPACKING pc=0x000001fda1493aa2 sp=0x000000d0145fe518 mode 2
Event: 10.323 Thread 0x000001fdf4198a40 Uncommon trap: trap_request=0xffffffde fr.pc=0x000001fda1baa74c relative=0x000000000000010c
Event: 10.323 Thread 0x000001fdf4198a40 Uncommon trap: reason=class_check action=maybe_recompile pc=0x000001fda1baa74c method=java.lang.Character.codePointAt(Ljava/lang/CharSequence;I)I @ 2 c2
Event: 10.323 Thread 0x000001fdf4198a40 DEOPT PACKING pc=0x000001fda1baa74c sp=0x000000d0145fe590
Event: 10.323 Thread 0x000001fdf4198a40 DEOPT UNPACKING pc=0x000001fda1493aa2 sp=0x000000d0145fe518 mode 2
Event: 10.323 Thread 0x000001fdf4198a40 Uncommon trap: trap_request=0xffffff76 fr.pc=0x000001fda1b70618 relative=0x0000000000000398
Event: 10.323 Thread 0x000001fdf4198a40 Uncommon trap: reason=predicate action=maybe_recompile pc=0x000001fda1b70618 method=java.util.regex.Pattern$BmpCharPropertyGreedy.match(Ljava/util/regex/Matcher;ILjava/lang/CharSequence;)Z @ 12 c2
Event: 10.324 Thread 0x000001fdf4198a40 DEOPT PACKING pc=0x000001fda1b70618 sp=0x000000d0145fe4d0
Event: 10.324 Thread 0x000001fdf4198a40 DEOPT UNPACKING pc=0x000001fda1493aa2 sp=0x000000d0145fe478 mode 2
Event: 10.340 Thread 0x000001fdf4198a40 Uncommon trap: trap_request=0xffffff45 fr.pc=0x000001fda1a645fc relative=0x000000000000021c
Event: 10.340 Thread 0x000001fdf4198a40 Uncommon trap: reason=unstable_if action=reinterpret pc=0x000001fda1a645fc method=java.io.BufferedInputStream.read1([BII)I @ 34 c2
Event: 10.340 Thread 0x000001fdf4198a40 DEOPT PACKING pc=0x000001fda1a645fc sp=0x000000d0145fe110
Event: 10.340 Thread 0x000001fdf4198a40 DEOPT UNPACKING pc=0x000001fda1493aa2 sp=0x000000d0145fe0a8 mode 2
Event: 10.346 Thread 0x000001fdf4706780 DEOPT PACKING pc=0x000001fd9a3c42e4 sp=0x000000d0141fa6b0
Event: 10.346 Thread 0x000001fdf4706780 DEOPT UNPACKING pc=0x000001fda1494242 sp=0x000000d0141f9c48 mode 0

Classes loaded (20 events):
Event: 10.302 Loading class com/sun/org/apache/xerces/internal/impl/msg/XMLMessages_fr
Event: 10.302 Loading class com/sun/org/apache/xerces/internal/impl/msg/XMLMessages_fr done
Event: 10.302 Loading class com/sun/org/apache/xerces/internal/impl/msg/XMLMessages_fr
Event: 10.302 Loading class com/sun/org/apache/xerces/internal/impl/msg/XMLMessages_fr done
Event: 10.304 Loading class com/sun/org/apache/xerces/internal/impl/msg/XMLMessages_fr_FR
Event: 10.304 Loading class com/sun/org/apache/xerces/internal/impl/msg/XMLMessages_fr_FR done
Event: 10.304 Loading class com/sun/org/apache/xerces/internal/impl/msg/XMLMessages_fr_FR
Event: 10.304 Loading class com/sun/org/apache/xerces/internal/impl/msg/XMLMessages_fr_FR done
Event: 10.316 Loading class java/io/FileReader
Event: 10.316 Loading class java/io/FileReader done
Event: 10.413 Loading class java/util/concurrent/atomic/AtomicReferenceFieldUpdater
Event: 10.413 Loading class java/util/concurrent/atomic/AtomicReferenceFieldUpdater done
Event: 10.413 Loading class java/util/concurrent/atomic/AtomicReferenceFieldUpdater$AtomicReferenceFieldUpdaterImpl
Event: 10.414 Loading class java/util/concurrent/atomic/AtomicReferenceFieldUpdater$AtomicReferenceFieldUpdaterImpl done
Event: 10.414 Loading class java/util/concurrent/atomic/AtomicReferenceFieldUpdater$AtomicReferenceFieldUpdaterImpl$1
Event: 10.414 Loading class java/util/concurrent/atomic/AtomicReferenceFieldUpdater$AtomicReferenceFieldUpdaterImpl$1 done
Event: 10.426 Loading class java/lang/ProcessEnvironment
Event: 10.426 Loading class java/lang/ProcessEnvironment done
Event: 10.513 Loading class java/io/FilterReader
Event: 10.514 Loading class java/io/FilterReader done

Classes unloaded (7 events):
Event: 8.900 Thread 0x000001fdadd3fa50 Unloading class 0x000001fdaf1a3800 'java/lang/invoke/LambdaForm$MH+0x000001fdaf1a3800'
Event: 8.900 Thread 0x000001fdadd3fa50 Unloading class 0x000001fdaf1a3400 'java/lang/invoke/LambdaForm$MH+0x000001fdaf1a3400'
Event: 8.900 Thread 0x000001fdadd3fa50 Unloading class 0x000001fdaf1a3000 'java/lang/invoke/LambdaForm$MH+0x000001fdaf1a3000'
Event: 8.900 Thread 0x000001fdadd3fa50 Unloading class 0x000001fdaf1a2c00 'java/lang/invoke/LambdaForm$MH+0x000001fdaf1a2c00'
Event: 8.900 Thread 0x000001fdadd3fa50 Unloading class 0x000001fdaf1a2800 'java/lang/invoke/LambdaForm$BMH+0x000001fdaf1a2800'
Event: 8.900 Thread 0x000001fdadd3fa50 Unloading class 0x000001fdaf1a2400 'java/lang/invoke/LambdaForm$DMH+0x000001fdaf1a2400'
Event: 8.900 Thread 0x000001fdadd3fa50 Unloading class 0x000001fdaf1a1000 'java/lang/invoke/LambdaForm$DMH+0x000001fdaf1a1000'

Classes redefined (0 events):
No events

Internal exceptions (20 events):
Event: 8.854 Thread 0x000001fdf4706780 Exception <a 'java/lang/NoSuchMethodError'{0x00000000d6717920}: 'int java.lang.invoke.DirectMethodHandle$Holder.invokeStatic(java.lang.Object, long)'> (0x00000000d6717920) 
thrown [s\src\hotspot\share\interpreter\linkResolver.cpp, line 773]
Event: 8.858 Thread 0x000001fdf4706780 Exception <a 'java/lang/NoSuchMethodError'{0x00000000d6736608}: 'int java.lang.invoke.Invokers$Holder.linkToTargetMethod(java.lang.Object, java.lang.Object)'> (0x00000000d6736608) 
thrown [s\src\hotspot\share\interpreter\linkResolver.cpp, line 773]
Event: 8.998 Thread 0x000001fdf4706780 Exception <a 'java/lang/NoSuchMethodError'{0x00000000d5613cc0}: 'java.lang.Object java.lang.invoke.Invokers$Holder.invoke_MT(java.lang.Object, java.lang.Object, java.lang.Object, java.lang.Object, java.lang.Object, java.lang.Object, java.lang.Object, java.lang.Object, java.lang.Object, java.lang.Object, java.lang.Object)'> (0x00000000d5613cc0) 
thrown [s\src\hotspot\share\interpreter\linkResolver.cpp, line 773]
Event: 9.020 Thread 0x000001fdf4706780 Exception <a 'java/lang/NoSuchMethodError'{0x00000000d56a14f0}: 'java.lang.Object java.lang.invoke.Invokers$Holder.invoke_MT(java.lang.Object, java.lang.Object, java.lang.Object, java.lang.Object, java.lang.Object, java.lang.Object, java.lang.Object, java.lang.Object, java.lang.Object, java.lang.Object)'> (0x00000000d56a14f0) 
thrown [s\src\hotspot\share\interpreter\linkResolver.cpp, line 773]
Event: 9.039 Thread 0x000001fdf4706780 Exception <a 'java/lang/NoSuchMethodError'{0x00000000d5741548}: 'java.lang.Object java.lang.invoke.DirectMethodHandle$Holder.newInvokeSpecial(java.lang.Object, java.lang.Object, java.lang.Object, java.lang.Object, java.lang.Object, java.lang.Object, java.lang.Object)'> (0x00000000d5741548) 
thrown [s\src\hotspot\share\interpreter\linkResolver.cpp, line 773]
Event: 9.088 Thread 0x000001fdf4706780 Exception <a 'java/lang/NoSuchMethodError'{0x00000000d57b8e68}: 'java.lang.Object java.lang.invoke.Invokers$Holder.invoker(java.lang.Object, java.lang.Object, java.lang.Object, java.lang.Object, java.lang.Object, java.lang.Object, java.lang.Object, java.lang.Object, java.lang.Object, java.lang.Object, java.lang.Object, java.lang.Object, java.lang.Object)'> (0x00000000d57b8e68) 
thrown [s\src\hotspot\share\interpreter\linkResolver.cpp, line 773]
Event: 9.090 Thread 0x000001fdf4706780 Exception <a 'java/lang/NoSuchMethodError'{0x00000000d57c3540}: 'java.lang.Object java.lang.invoke.DelegatingMethodHandle$Holder.delegate(java.lang.Object, java.lang.Object, java.lang.Object, java.lang.Object, java.lang.Object, java.lang.Object, java.lang.Object, java.lang.Object, java.lang.Object, java.lang.Object, java.lang.Object, java.lang.Object, java.lang.Object)'> (0x00000000d57c3540) 
thrown [s\src\hotspot\share\interpreter\linkResolver.cpp, line 773]
Event: 9.109 Thread 0x000001fdf4706780 Exception <a 'java/lang/NoSuchMethodError'{0x00000000d582f420}: static Lorg/eclipse/m2e/core/internal/lifecyclemapping/model/PluginExecutionMetadata;.<clinit>()V> (0x00000000d582f420) 
thrown [s\src\hotspot\share\prims\jni.cpp, line 1111]
Event: 9.118 Thread 0x000001fdf4706780 Exception <a 'java/lang/NoSuchMethodError'{0x00000000d588f420}: static Lorg/eclipse/m2e/core/internal/lifecyclemapping/model/PluginExecutionFilter;.<clinit>()V> (0x00000000d588f420) 
thrown [s\src\hotspot\share\prims\jni.cpp, line 1111]
Event: 9.153 Thread 0x000001fdf4706780 Exception <a 'java/lang/NoSuchMethodError'{0x00000000d58c53f8}: static Lorg/eclipse/m2e/core/internal/project/registry/MavenProjectFacade$MavenProjectConfiguration;.<clinit>()V> (0x00000000d58c53f8) 
thrown [s\src\hotspot\share\prims\jni.cpp, line 1111]
Event: 9.283 Thread 0x000001fdf4706780 Exception <a 'java/lang/NoSuchMethodError'{0x00000000d5e41a20}: 'double java.lang.invoke.DirectMethodHandle$Holder.invokeStatic(java.lang.Object, java.lang.Object)'> (0x00000000d5e41a20) 
thrown [s\src\hotspot\share\interpreter\linkResolver.cpp, line 773]
Event: 9.283 Thread 0x000001fdf4706780 Exception <a 'java/lang/NoSuchMethodError'{0x00000000d5e450e0}: 'double java.lang.invoke.DirectMethodHandle$Holder.invokeStaticInit(java.lang.Object, java.lang.Object)'> (0x00000000d5e450e0) 
thrown [s\src\hotspot\share\interpreter\linkResolver.cpp, line 773]
Event: 9.775 Thread 0x000001fdf4706780 Implicit null exception at 0x000001fda1bad9f5 to 0x000001fda1badae8
Event: 9.956 Thread 0x000001fdf4706780 Exception <a 'java/lang/NoSuchMethodError'{0x00000000d63cb648}: 'java.lang.Object java.lang.invoke.DirectMethodHandle$Holder.newInvokeSpecial(java.lang.Object, int, java.lang.Object, java.lang.Object)'> (0x00000000d63cb648) 
thrown [s\src\hotspot\share\interpreter\linkResolver.cpp, line 773]
Event: 9.960 Thread 0x000001fdf4706780 Exception <a 'java/io/FileNotFoundException'{0x00000000d63e14b0}> (0x00000000d63e14b0) 
thrown [s\src\hotspot\share\prims\jni.cpp, line 520]
Event: 9.961 Thread 0x000001fdf4706780 Exception <a 'java/io/FileNotFoundException'{0x00000000d63e28c0}> (0x00000000d63e28c0) 
thrown [s\src\hotspot\share\prims\jni.cpp, line 520]
Event: 10.294 Thread 0x000001fdf4706780 Exception <a 'java/lang/ClassNotFoundException'{0x00000000d56b7208}: com/sun/org/apache/xerces/internal/impl/msg/spi/DOMMessagesProvider> (0x00000000d56b7208) 
thrown [s\src\hotspot\share\classfile\systemDictionary.cpp, line 312]
Event: 10.297 Thread 0x000001fdf4706780 Exception <a 'java/lang/ClassNotFoundException'{0x00000000d56db910}: com/sun/org/apache/xerces/internal/impl/msg/spi/XMLSerializerMessagesProvider> (0x00000000d56db910) 
thrown [s\src\hotspot\share\classfile\systemDictionary.cpp, line 312]
Event: 10.299 Thread 0x000001fdf4706780 Exception <a 'java/lang/ClassNotFoundException'{0x00000000d570c878}: com/sun/org/apache/xerces/internal/impl/msg/spi/XMLMessagesProvider> (0x00000000d570c878) 
thrown [s\src\hotspot\share\classfile\systemDictionary.cpp, line 312]
Event: 10.373 Thread 0x000001fdf4198a40 Exception <a 'java/lang/NoSuchMethodError'{0x00000000d5b19e48}: 'java.lang.Object java.lang.invoke.DirectMethodHandle$Holder.invokeSpecialIFC(java.lang.Object, java.lang.Object, java.lang.Object, java.lang.Object)'> (0x00000000d5b19e48) 
thrown [s\src\hotspot\share\interpreter\linkResolver.cpp, line 773]

ZGC Phase Switch (0 events):
No events

VM Operations (20 events):
Event: 8.225 Executing non-safepoint VM operation: HandshakeAllThreads (Deoptimize) done
Event: 8.235 Executing non-safepoint VM operation: HandshakeAllThreads (Deoptimize)
Event: 8.235 Executing non-safepoint VM operation: HandshakeAllThreads (Deoptimize) done
Event: 8.312 Executing safepoint VM operation: ICBufferFull
Event: 8.312 Executing safepoint VM operation: ICBufferFull done
Event: 8.435 Executing safepoint VM operation: ParallelGCFailedAllocation (Allocation Failure)
Event: 8.442 Executing safepoint VM operation: ParallelGCFailedAllocation (Allocation Failure) done
Event: 8.829 Executing non-safepoint VM operation: HandshakeAllThreads (Deoptimize)
Event: 8.829 Executing non-safepoint VM operation: HandshakeAllThreads (Deoptimize) done
Event: 8.875 Executing safepoint VM operation: CollectForMetadataAllocation (Metadata GC Threshold)
Event: 8.956 Executing safepoint VM operation: CollectForMetadataAllocation (Metadata GC Threshold) done
Event: 9.438 Executing safepoint VM operation: ParallelGCFailedAllocation (Allocation Failure)
Event: 9.440 Executing safepoint VM operation: ParallelGCFailedAllocation (Allocation Failure) done
Event: 9.854 Executing safepoint VM operation: ParallelGCFailedAllocation (Allocation Failure)
Event: 9.857 Executing safepoint VM operation: ParallelGCFailedAllocation (Allocation Failure) done
Event: 10.266 Executing safepoint VM operation: ParallelGCFailedAllocation (Allocation Failure)
Event: 10.272 Executing safepoint VM operation: ParallelGCFailedAllocation (Allocation Failure) done
Event: 10.275 Executing non-safepoint VM operation: HandshakeAllThreads (Deoptimize)
Event: 10.276 Executing non-safepoint VM operation: HandshakeAllThreads (Deoptimize) done
Event: 10.427 Executing non-safepoint VM operation: HandshakeAllThreads (Deoptimize)

Memory protections (0 events):
No events

Nmethod flushes (0 events):
No events

Events (20 events):
Event: 2.488 Thread 0x000001fd951bf720 Thread added: 0x000001fdf4518050
Event: 2.848 Thread 0x000001fd951bf720 Thread added: 0x000001fdf4b14b20
Event: 2.911 Thread 0x000001fdf4b14b20 Thread added: 0x000001fdf4706110
Event: 2.917 Thread 0x000001fd951bf720 Thread added: 0x000001fdf4706780
Event: 3.435 Thread 0x000001fdf4706780 Thread added: 0x000001fdf4d772c0
Event: 3.879 Thread 0x000001fdefe82170 Thread exited: 0x000001fdefe82170
Event: 5.900 Thread 0x000001fdf4706780 Thread added: 0x000001fdf4e9d160
Event: 6.123 Thread 0x000001fdadd49340 Thread added: 0x000001fdf4b895f0
Event: 6.585 Thread 0x000001fdf4b895f0 Thread exited: 0x000001fdf4b895f0
Event: 6.832 Thread 0x000001fdf4706780 Thread added: 0x000001fdefb32430
Event: 7.269 Thread 0x000001fdaddb8390 Thread added: 0x000001fdefb0b0c0
Event: 7.530 Thread 0x000001fdefb0b0c0 Thread exited: 0x000001fdefb0b0c0
Event: 7.886 Thread 0x000001fdf4706780 Thread added: 0x000001fdf41983b0
Event: 7.934 Thread 0x000001fdf4706780 Thread added: 0x000001fdf4198a40
Event: 7.976 Thread 0x000001fdf4706780 Thread added: 0x000001fdf4195c50
Event: 8.140 Thread 0x000001fdaddb8390 Thread added: 0x000001fdf47d8180
Event: 9.581 Thread 0x000001fdf47d8180 Thread exited: 0x000001fdf47d8180
Event: 10.001 Thread 0x000001fdaddb8390 Thread added: 0x000001fdf479a900
Event: 10.346 Thread 0x000001fdf4706780 Thread added: 0x000001fdf41962e0
Event: 10.349 Thread 0x000001fdf4195c50 Thread added: 0x000001fdf4196970


Dynamic libraries:
0x00007ff6b20c0000 - 0x00007ff6b20ce000 	c:\Users\digit\.antigravity\extensions\redhat.java-1.54.0-win32-x64\jre\21.0.10-win32-x86_64\bin\java.exe
0x00007fff889b0000 - 0x00007fff88bc8000 	C:\WINDOWS\SYSTEM32\ntdll.dll
0x00007fff87cd0000 - 0x00007fff87d94000 	C:\WINDOWS\System32\KERNEL32.DLL
0x00007fff86240000 - 0x00007fff86613000 	C:\WINDOWS\System32\KERNELBASE.dll
0x00007fff85ac0000 - 0x00007fff85bd1000 	C:\WINDOWS\System32\ucrtbase.dll
0x00007fff4d9e0000 - 0x00007fff4d9f8000 	c:\Users\digit\.antigravity\extensions\redhat.java-1.54.0-win32-x64\jre\21.0.10-win32-x86_64\bin\jli.dll
0x00007fff87430000 - 0x00007fff875e2000 	C:\WINDOWS\System32\USER32.dll
0x00007fff86620000 - 0x00007fff86646000 	C:\WINDOWS\System32\win32u.dll
0x00007fff88940000 - 0x00007fff88969000 	C:\WINDOWS\System32\GDI32.dll
0x00007fff85be0000 - 0x00007fff85cfb000 	C:\WINDOWS\System32\gdi32full.dll
0x00007fff861a0000 - 0x00007fff8623a000 	C:\WINDOWS\System32\msvcp_win.dll
0x00007fff4d9c0000 - 0x00007fff4d9de000 	c:\Users\digit\.antigravity\extensions\redhat.java-1.54.0-win32-x64\jre\21.0.10-win32-x86_64\bin\VCRUNTIME140.dll
0x00007fff72d70000 - 0x00007fff7300c000 	C:\WINDOWS\WinSxS\amd64_microsoft.windows.common-controls_6595b64144ccf1df_6.0.22621.6060_none_2712eda17382d24b\COMCTL32.dll
0x00007fff88340000 - 0x00007fff883e7000 	C:\WINDOWS\System32\msvcrt.dll
0x00007fff869c0000 - 0x00007fff869f1000 	C:\WINDOWS\System32\IMM32.DLL
0x0000000061bc0000 - 0x0000000061bcd000 	C:\Program Files (x86)\360\Total Security\safemon\SafeWrapper.dll
0x00007fff86a80000 - 0x00007fff86b31000 	C:\WINDOWS\System32\ADVAPI32.dll
0x00007fff87610000 - 0x00007fff876b8000 	C:\WINDOWS\System32\sechost.dll
0x00007fff85ec0000 - 0x00007fff85ee8000 	C:\WINDOWS\System32\bcrypt.dll
0x00007fff88080000 - 0x00007fff88198000 	C:\WINDOWS\System32\RPCRT4.dll
0x00007fff7fd90000 - 0x00007fff7fe95000 	C:\Program Files (x86)\360\Total Security\safemon\libzdtp64.dll
0x00007fff86b90000 - 0x00007fff8742c000 	C:\WINDOWS\System32\SHELL32.dll
0x00007fff85d00000 - 0x00007fff85e3f000 	C:\WINDOWS\System32\wintypes.dll
0x00007fff88500000 - 0x00007fff88891000 	C:\WINDOWS\System32\combase.dll
0x00007fff888d0000 - 0x00007fff88939000 	C:\WINDOWS\System32\SHLWAPI.dll
0x00007fff85700000 - 0x00007fff8570a000 	C:\WINDOWS\SYSTEM32\VERSION.dll
0x00007fff5efd0000 - 0x00007fff5efdc000 	c:\Users\digit\.antigravity\extensions\redhat.java-1.54.0-win32-x64\jre\21.0.10-win32-x86_64\bin\vcruntime140_1.dll
0x00007fff4d930000 - 0x00007fff4d9bd000 	c:\Users\digit\.antigravity\extensions\redhat.java-1.54.0-win32-x64\jre\21.0.10-win32-x86_64\bin\msvcp140.dll
0x00007fff48150000 - 0x00007fff48ef1000 	c:\Users\digit\.antigravity\extensions\redhat.java-1.54.0-win32-x64\jre\21.0.10-win32-x86_64\bin\server\jvm.dll
0x00007fff882c0000 - 0x00007fff88331000 	C:\WINDOWS\System32\WS2_32.dll
0x00007fff84860000 - 0x00007fff848ad000 	C:\WINDOWS\SYSTEM32\POWRPROF.dll
0x00007fff75760000 - 0x00007fff75794000 	C:\WINDOWS\SYSTEM32\WINMM.dll
0x00007fff84840000 - 0x00007fff84853000 	C:\WINDOWS\SYSTEM32\UMPDC.dll
0x00007fff84ae0000 - 0x00007fff84af8000 	C:\WINDOWS\SYSTEM32\kernel.appcore.dll
0x00007fff4dcc0000 - 0x00007fff4dcca000 	c:\Users\digit\.antigravity\extensions\redhat.java-1.54.0-win32-x64\jre\21.0.10-win32-x86_64\bin\jimage.dll
0x00007fff73020000 - 0x00007fff73253000 	C:\WINDOWS\SYSTEM32\DBGHELP.DLL
0x00007fff87bf0000 - 0x00007fff87cc8000 	C:\WINDOWS\System32\OLEAUT32.dll
0x00007fff76760000 - 0x00007fff76792000 	C:\WINDOWS\SYSTEM32\dbgcore.DLL
0x00007fff85e40000 - 0x00007fff85ebb000 	C:\WINDOWS\System32\bcryptPrimitives.dll
0x00007fff4d920000 - 0x00007fff4d92f000 	c:\Users\digit\.antigravity\extensions\redhat.java-1.54.0-win32-x64\jre\21.0.10-win32-x86_64\bin\instrument.dll
0x00007fff4d900000 - 0x00007fff4d920000 	c:\Users\digit\.antigravity\extensions\redhat.java-1.54.0-win32-x64\jre\21.0.10-win32-x86_64\bin\java.dll
0x00007fff83910000 - 0x00007fff8422a000 	C:\WINDOWS\SYSTEM32\windows.storage.dll
0x00007fff87e10000 - 0x00007fff87f14000 	C:\WINDOWS\System32\SHCORE.dll
0x00007fff859f0000 - 0x00007fff85a15000 	C:\WINDOWS\SYSTEM32\profapi.dll
0x00007fff60220000 - 0x00007fff60238000 	c:\Users\digit\.antigravity\extensions\redhat.java-1.54.0-win32-x64\jre\21.0.10-win32-x86_64\bin\zip.dll
0x00007fff4dd00000 - 0x00007fff4dd10000 	C:\Users\digit\.antigravity\extensions\redhat.java-1.54.0-win32-x64\jre\21.0.10-win32-x86_64\bin\net.dll
0x00007fff83630000 - 0x00007fff8375c000 	C:\WINDOWS\SYSTEM32\WINHTTP.dll
0x00007fff84fa0000 - 0x00007fff85009000 	C:\WINDOWS\system32\mswsock.dll
0x00007fff4dbf0000 - 0x00007fff4dc06000 	C:\Users\digit\.antigravity\extensions\redhat.java-1.54.0-win32-x64\jre\21.0.10-win32-x86_64\bin\nio.dll
0x00007fff4dcf0000 - 0x00007fff4dd00000 	c:\Users\digit\.antigravity\extensions\redhat.java-1.54.0-win32-x64\jre\21.0.10-win32-x86_64\bin\verify.dll
0x00007fff5a020000 - 0x00007fff5a065000 	C:\Users\digit\AppData\Roaming\Antigravity\User\globalStorage\redhat.java\1.54.0\config_win\org.eclipse.equinox.launcher\org.eclipse.equinox.launcher.win32.win32.x86_64_1.3.0.v20260203-2149\eclipse_11919.dll
0x00007fff86810000 - 0x00007fff869b1000 	C:\WINDOWS\System32\ole32.dll
0x00007fff852f0000 - 0x00007fff8530b000 	C:\WINDOWS\SYSTEM32\CRYPTSP.dll
0x00007fff84a40000 - 0x00007fff84a77000 	C:\WINDOWS\system32\rsaenh.dll
0x00007fff85040000 - 0x00007fff85068000 	C:\WINDOWS\SYSTEM32\USERENV.dll
0x00007fff852d0000 - 0x00007fff852dc000 	C:\WINDOWS\SYSTEM32\CRYPTBASE.dll
0x00007fff84500000 - 0x00007fff8452d000 	C:\WINDOWS\SYSTEM32\IPHLPAPI.DLL
0x00007fff882b0000 - 0x00007fff882b9000 	C:\WINDOWS\System32\NSI.dll
0x00007fff6e070000 - 0x00007fff6e0b9000 	C:\Users\digit\AppData\Local\Temp\jna-95582509\jna15655194374604598625.dll
0x00007fff87600000 - 0x00007fff87608000 	C:\WINDOWS\System32\PSAPI.DLL

JVMTI agents:
c:\Users\digit\.antigravity\extensions\redhat.java-1.54.0-win32-x64\lombok\lombok-1.18.39-4050.jar path:c:\Users\digit\.antigravity\extensions\redhat.java-1.54.0-win32-x64\jre\21.0.10-win32-x86_64\bin\instrument.dll, loaded, initialized, instrumentlib options:none

dbghelp: loaded successfully - version: 4.0.5 - missing functions: none
symbol engine: initialized successfully - sym options: 0x614 - pdb path: .;c:\Users\digit\.antigravity\extensions\redhat.java-1.54.0-win32-x64\jre\21.0.10-win32-x86_64\bin;C:\WINDOWS\SYSTEM32;C:\WINDOWS\WinSxS\amd64_microsoft.windows.common-controls_6595b64144ccf1df_6.0.22621.6060_none_2712eda17382d24b;C:\Program Files (x86)\360\Total Security\safemon;c:\Users\digit\.antigravity\extensions\redhat.java-1.54.0-win32-x64\jre\21.0.10-win32-x86_64\bin\server;C:\Users\digit\AppData\Roaming\Antigravity\User\globalStorage\redhat.java\1.54.0\config_win\org.eclipse.equinox.launcher\org.eclipse.equinox.launcher.win32.win32.x86_64_1.3.0.v20260203-2149;C:\Users\digit\AppData\Local\Temp\jna-95582509

VM Arguments:
jvm_args: --add-modules=ALL-SYSTEM --add-opens=java.base/java.util=ALL-UNNAMED --add-opens=java.base/java.lang=ALL-UNNAMED --add-opens=java.base/sun.nio.fs=ALL-UNNAMED -Declipse.application=org.eclipse.jdt.ls.core.id1 -Dosgi.bundles.defaultStartLevel=4 -Declipse.product=org.eclipse.jdt.ls.core.product -Djava.import.generatesMetadataFilesAtProjectRoot=false -DDetectVMInstallationsJob.disabled=true -Dfile.encoding=utf8 -XX:+UseParallelGC -XX:GCTimeRatio=4 -XX:AdaptiveSizePolicyWeight=90 -Dsun.zip.disableMemoryMapping=true -Xmx2G -Xms100m -Xlog:disable -javaagent:c:\Users\digit\.antigravity\extensions\redhat.java-1.54.0-win32-x64\lombok\lombok-1.18.39-4050.jar -XX:+HeapDumpOnOutOfMemoryError -XX:HeapDumpPath=c:\Users\digit\AppData\Roaming\Antigravity\User\workspaceStorage\93b6f5fe83d92538670ccc65f9a9c866\redhat.java -Daether.dependencyCollector.impl=bf 
java_command: c:\Users\digit\.antigravity\extensions\redhat.java-1.54.0-win32-x64\server\plugins\org.eclipse.equinox.launcher_1.7.100.v20251111-0406.jar -configuration c:\Users\digit\AppData\Roaming\Antigravity\User\globalStorage\redhat.java\1.54.0\config_win -data c:\Users\digit\AppData\Roaming\Antigravity\User\workspaceStorage\93b6f5fe83d92538670ccc65f9a9c866\redhat.java\jdt_ws --pipe=\\.\pipe\lsp-bdf3949b0352f9cf66279c1520f938bd-sock
java_class_path (initial): c:\Users\digit\.antigravity\extensions\redhat.java-1.54.0-win32-x64\server\plugins\org.eclipse.equinox.launcher_1.7.100.v20251111-0406.jar
Launcher Type: SUN_STANDARD

[Global flags]
    uintx AdaptiveSizePolicyWeight                 = 90                                        {product} {command line}
     intx CICompilerCount                          = 3                                         {product} {ergonomic}
    uintx GCTimeRatio                              = 4                                         {product} {command line}
     bool HeapDumpOnOutOfMemoryError               = true                                   {manageable} {command line}
    ccstr HeapDumpPath                             = c:\Users\digit\AppData\Roaming\Antigravity\User\workspaceStorage\93b6f5fe83d92538670ccc65f9a9c866\redhat.java         {manageable} {command line}
   size_t InitialHeapSize                          = 104857600                                 {product} {command line}
   size_t MaxHeapSize                              = 2147483648                                {product} {command line}
   size_t MaxNewSize                               = 715653120                                 {product} {ergonomic}
   size_t MinHeapDeltaBytes                        = 524288                                    {product} {ergonomic}
   size_t MinHeapSize                              = 104857600                                 {product} {command line}
   size_t NewSize                                  = 34603008                                  {product} {ergonomic}
    uintx NonNMethodCodeHeapSize                   = 5832780                                {pd product} {ergonomic}
    uintx NonProfiledCodeHeapSize                  = 122912730                              {pd product} {ergonomic}
   size_t OldSize                                  = 70254592                                  {product} {ergonomic}
    uintx ProfiledCodeHeapSize                     = 122912730                              {pd product} {ergonomic}
    uintx ReservedCodeCacheSize                    = 251658240                              {pd product} {ergonomic}
     bool SegmentedCodeCache                       = true                                      {product} {ergonomic}
   size_t SoftMaxHeapSize                          = 2147483648                             {manageable} {ergonomic}
     bool UseCompressedOops                        = true                           {product lp64_product} {ergonomic}
     bool UseLargePagesIndividualAllocation        = false                                  {pd product} {ergonomic}
     bool UseParallelGC                            = true                                      {product} {command line}

Logging:
Log output configuration:
 #0: stdout all=off uptime,level,tags foldmultilines=false
 #1: stderr all=off uptime,level,tags foldmultilines=false

Release file:
JAVA_VERSION="21.0.10" 
MODULES="java.base java.compiler java.datatransfer java.xml java.prefs java.desktop java.instrument java.logging java.management java.security.sasl java.naming java.rmi java.management.rmi java.net.http java.scripting java.security.jgss java.transaction.xa java.sql java.sql.rowset java.xml.crypto java.se java.smartcardio jdk.accessibility jdk.internal.jvmstat jdk.attach jdk.charsets jdk.internal.opt jdk.zipfs jdk.compiler jdk.crypto.ec jdk.crypto.cryptoki jdk.crypto.mscapi jdk.dynalink jdk.internal.ed jdk.editpad jdk.hotspot.agent jdk.httpserver jdk.internal.le jdk.internal.vm.ci jdk.internal.vm.compiler jdk.internal.vm.compiler.management jdk.jartool jdk.javadoc jdk.jcmd jdk.management jdk.management.agent jdk.jconsole jdk.jdeps jdk.jdwp.agent jdk.jdi jdk.jfr jdk.jshell jdk.jsobject jdk.jstatd jdk.localedata jdk.management.jfr jdk.naming.dns jdk.naming.rmi jdk.net jdk.nio.mapmode jdk.random jdk.sctp jdk.security.auth jdk.security.jgss jdk.unsupported jdk.unsupported.desktop jdk.xml.dom" 

Environment Variables:
JAVA_HOME=C:\Program Files\Java\jdk-25
PATH=C:\WINDOWS\system32;C:\WINDOWS;C:\WINDOWS\System32\Wbem;C:\WINDOWS\System32\WindowsPowerShell\v1.0\;C:\WINDOWS\System32\OpenSSH\;C:\Program Files\Git\cmd;C:\Program Files\nodejs\;C:\Users\digit\.local\bin;C:\Users\digit\AppData\Local\Microsoft\WindowsApps;C:\Users\digit\AppData\Local\Programs\Microsoft VS Code\bin;C:\Users\digit\AppData\Roaming\npm;C:\Program Files\cursor\resources\app\bin;C:\Program Files\Microsoft SQL Server\170\Tools\Binn\;C:\Program Files\Microsoft SQL Server\170\DTS\Binn\;C:\Program Files (x86)\Microsoft SQL Server\170\Tools\Binn\;C:\Program Files\Microsoft SQL Server\Client SDK\ODBC\180\Tools\Binn\;C:\Program Files\Apache\apache-maven-3.9.14-bin\apache-maven-3.9.14\bin;C:\Program Files\Apache\apache-maven-3.9.14-bin\apache-maven-3.9.14\bin;C:\Program Files\Java\jdk-25\bin;C:\Program Files\dotnet\;C:\Users\digit\.local\bin;C:\Users\digit\AppData\Local\Microsoft\WindowsApps;C:\Users\digit\AppData\Local\Programs\Microsoft VS Code\bin;C:\Users\digit\AppData\Roaming\npm;C:\Users\digit\AppData\Local\Programs\Antigravity\bin
USERNAME=digit
OS=Windows_NT
PROCESSOR_IDENTIFIER=Intel64 Family 6 Model 78 Stepping 3, GenuineIntel
TMP=C:\Users\digit\AppData\Local\Temp
TEMP=C:\Users\digit\AppData\Local\Temp




Periodic native trim disabled

---------------  S Y S T E M  ---------------

OS:
 Windows 11 , 64 bit Build 22621 (10.0.22621.5415)
OS uptime: 0 days 3:37 hours
Hyper-V role detected

CPU: total 4 (initial active 4) (2 cores per cpu, 2 threads per core) family 6 model 78 stepping 3 microcode 0xd6, cx8, cmov, fxsr, ht, mmx, 3dnowpref, sse, sse2, sse3, ssse3, sse4.1, sse4.2, popcnt, lzcnt, tsc, tscinvbit, avx, avx2, aes, erms, clmul, bmi1, bmi2, rtm, adx, fma, vzeroupper, clflush, clflushopt, hv, rdtscp, f16c
Processor Information for the first 4 processors :
  Max Mhz: 2496, Current Mhz: 798, Mhz Limit: 798

Memory: 4k page, system-wide physical 8047M (432M free)
TotalPageFile size 16498M (AvailPageFile size 4M)
current process WorkingSet (physical memory assigned to process): 172M, peak: 175M
current process commit charge ("private bytes"): 288M, peak: 292M

vm_info: OpenJDK 64-Bit Server VM (21.0.10+7-LTS) for windows-amd64 JRE (21.0.10+7-LTS), built on 2026-01-20T00:00:00Z by "admin" with MS VC++ 17.12 (VS2022)

END.
